mode: atomic
github.com/GhMartingit/xk6-mongo/mongo.go:20.13,22.2 1 1
github.com/GhMartingit/xk6-mongo/mongo.go:48.51,50.2 1 3
github.com/GhMartingit/xk6-mongo/mongo.go:52.70,55.19 2 3
github.com/GhMartingit/xk6-mongo/mongo.go:55.19,58.3 2 1
github.com/GhMartingit/xk6-mongo/mongo.go:60.2,61.16 2 2
github.com/GhMartingit/xk6-mongo/mongo.go:61.16,64.3 2 0
github.com/GhMartingit/xk6-mongo/mongo.go:67.2,71.16 4 2
github.com/GhMartingit/xk6-mongo/mongo.go:71.16,74.3 2 0
github.com/GhMartingit/xk6-mongo/mongo.go:77.2,77.46 1 2
github.com/GhMartingit/xk6-mongo/mongo.go:77.46,82.3 3 1
github.com/GhMartingit/xk6-mongo/mongo.go:84.2,95.3 4 1
github.com/GhMartingit/xk6-mongo/mongo.go:99.69,101.2 1 6
github.com/GhMartingit/xk6-mongo/mongo.go:104.88,105.76 1 8
github.com/GhMartingit/xk6-mongo/mongo.go:105.76,107.3 1 2
github.com/GhMartingit/xk6-mongo/mongo.go:108.2,108.64 1 6
github.com/GhMartingit/xk6-mongo/mongo.go:112.71,113.20 1 18
github.com/GhMartingit/xk6-mongo/mongo.go:113.20,115.3 1 2
github.com/GhMartingit/xk6-mongo/mongo.go:116.2,116.22 1 16
github.com/GhMartingit/xk6-mongo/mongo.go:116.22,118.3 1 2
github.com/GhMartingit/xk6-mongo/mongo.go:120.2,121.36 2 14
github.com/GhMartingit/xk6-mongo/mongo.go:121.36,122.39 1 77
github.com/GhMartingit/xk6-mongo/mongo.go:122.39,124.4 1 6
github.com/GhMartingit/xk6-mongo/mongo.go:126.2,126.12 1 8
github.com/GhMartingit/xk6-mongo/mongo.go:129.76,130.16 1 4
github.com/GhMartingit/xk6-mongo/mongo.go:130.16,132.3 1 1
github.com/GhMartingit/xk6-mongo/mongo.go:134.2,135.16 2 3
github.com/GhMartingit/xk6-mongo/mongo.go:135.16,138.3 2 2
github.com/GhMartingit/xk6-mongo/mongo.go:140.2,144.16 4 1
github.com/GhMartingit/xk6-mongo/mongo.go:144.16,147.3 2 0
github.com/GhMartingit/xk6-mongo/mongo.go:148.2,149.12 2 1
github.com/GhMartingit/xk6-mongo/mongo.go:152.83,153.20 1 1
github.com/GhMartingit/xk6-mongo/mongo.go:153.20,155.3 1 1
github.com/GhMartingit/xk6-mongo/mongo.go:157.2,158.16 2 0
github.com/GhMartingit/xk6-mongo/mongo.go:158.16,161.3 2 0
github.com/GhMartingit/xk6-mongo/mongo.go:163.2,167.16 4 0
github.com/GhMartingit/xk6-mongo/mongo.go:167.16,170.3 2 0
github.com/GhMartingit/xk6-mongo/mongo.go:171.2,171.12 1 0
github.com/GhMartingit/xk6-mongo/mongo.go:174.91,175.19 1 1
github.com/GhMartingit/xk6-mongo/mongo.go:175.19,177.3 1 1
github.com/GhMartingit/xk6-mongo/mongo.go:179.2,180.16 2 0
github.com/GhMartingit/xk6-mongo/mongo.go:180.16,183.3 2 0
github.com/GhMartingit/xk6-mongo/mongo.go:185.2,188.16 3 0
github.com/GhMartingit/xk6-mongo/mongo.go:188.16,191.3 2 0
github.com/GhMartingit/xk6-mongo/mongo.go:193.2,197.16 4 0
github.com/GhMartingit/xk6-mongo/mongo.go:197.16,200.3 2 0
github.com/GhMartingit/xk6-mongo/mongo.go:201.2,201.12 1 0
github.com/GhMartingit/xk6-mongo/mongo.go:233.112,234.15 1 1
github.com/GhMartingit/xk6-mongo/mongo.go:234.15,236.3 1 1
github.com/GhMartingit/xk6-mongo/mongo.go:238.2,239.16 2 0
github.com/GhMartingit/xk6-mongo/mongo.go:239.16,242.3 2 0
github.com/GhMartingit/xk6-mongo/mongo.go:244.2,249.16 5 0
github.com/GhMartingit/xk6-mongo/mongo.go:249.16,252.3 2 0
github.com/GhMartingit/xk6-mongo/mongo.go:253.2,256.46 3 0
github.com/GhMartingit/xk6-mongo/mongo.go:256.46,259.3 2 0
github.com/GhMartingit/xk6-mongo/mongo.go:260.2,260.21 1 0
github.com/GhMartingit/xk6-mongo/mongo.go:264.128,266.16 2 0
github.com/GhMartingit/xk6-mongo/mongo.go:266.16,269.3 2 0
github.com/GhMartingit/xk6-mongo/mongo.go:271.2,277.64 4 0
github.com/GhMartingit/xk6-mongo/mongo.go:277.64,279.3 1 0
github.com/GhMartingit/xk6-mongo/mongo.go:280.2,280.61 1 0
github.com/GhMartingit/xk6-mongo/mongo.go:280.61,282.3 1 0
github.com/GhMartingit/xk6-mongo/mongo.go:283.2,283.41 1 0
github.com/GhMartingit/xk6-mongo/mongo.go:283.41,285.3 1 0
github.com/GhMartingit/xk6-mongo/mongo.go:286.2,286.77 1 0
github.com/GhMartingit/xk6-mongo/mongo.go:286.77,288.3 1 0
github.com/GhMartingit/xk6-mongo/mongo.go:289.2,289.53 1 0
github.com/GhMartingit/xk6-mongo/mongo.go:289.53,291.3 1 0
github.com/GhMartingit/xk6-mongo/mongo.go:293.2,294.16 2 0
github.com/GhMartingit/xk6-mongo/mongo.go:294.16,297.3 2 0
github.com/GhMartingit/xk6-mongo/mongo.go:298.2,301.46 3 0
github.com/GhMartingit/xk6-mongo/mongo.go:301.46,304.3 2 0
github.com/GhMartingit/xk6-mongo/mongo.go:305.2,305.21 1 0
github.com/GhMartingit/xk6-mongo/mongo.go:308.96,309.21 1 1
github.com/GhMartingit/xk6-mongo/mongo.go:309.21,311.3 1 1
github.com/GhMartingit/xk6-mongo/mongo.go:313.2,314.16 2 0
github.com/GhMartingit/xk6-mongo/mongo.go:314.16,317.3 2 0
github.com/GhMartingit/xk6-mongo/mongo.go:319.2,323.16 4 0
github.com/GhMartingit/xk6-mongo/mongo.go:323.16,326.3 2 0
github.com/GhMartingit/xk6-mongo/mongo.go:327.2,330.46 3 0
github.com/GhMartingit/xk6-mongo/mongo.go:330.46,333.3 2 0
github.com/GhMartingit/xk6-mongo/mongo.go:334.2,334.21 1 0
github.com/GhMartingit/xk6-mongo/mongo.go:337.90,339.16 2 2
github.com/GhMartingit/xk6-mongo/mongo.go:339.16,342.3 2 0
github.com/GhMartingit/xk6-mongo/mongo.go:344.2,349.16 5 2
github.com/GhMartingit/xk6-mongo/mongo.go:349.16,352.3 2 0
github.com/GhMartingit/xk6-mongo/mongo.go:354.2,354.20 1 2
github.com/GhMartingit/xk6-mongo/mongo.go:357.92,358.19 1 2
github.com/GhMartingit/xk6-mongo/mongo.go:358.19,360.3 1 1
github.com/GhMartingit/xk6-mongo/mongo.go:362.2,363.16 2 1
github.com/GhMartingit/xk6-mongo/mongo.go:363.16,366.3 2 0
github.com/GhMartingit/xk6-mongo/mongo.go:368.2,369.16 2 1
github.com/GhMartingit/xk6-mongo/mongo.go:369.16,372.3 2 0
github.com/GhMartingit/xk6-mongo/mongo.go:374.2,378.16 4 1
github.com/GhMartingit/xk6-mongo/mongo.go:378.16,381.3 2 0
github.com/GhMartingit/xk6-mongo/mongo.go:383.2,383.12 1 1
github.com/GhMartingit/xk6-mongo/mongo.go:386.93,387.19 1 1
github.com/GhMartingit/xk6-mongo/mongo.go:387.19,389.3 1 1
github.com/GhMartingit/xk6-mongo/mongo.go:391.2,392.16 2 0
github.com/GhMartingit/xk6-mongo/mongo.go:392.16,395.3 2 0
github.com/GhMartingit/xk6-mongo/mongo.go:397.2,398.16 2 0
github.com/GhMartingit/xk6-mongo/mongo.go:398.16,401.3 2 0
github.com/GhMartingit/xk6-mongo/mongo.go:403.2,407.16 4 0
github.com/GhMartingit/xk6-mongo/mongo.go:407.16,410.3 2 0
github.com/GhMartingit/xk6-mongo/mongo.go:412.2,412.12 1 0
github.com/GhMartingit/xk6-mongo/mongo.go:415.80,417.16 2 0
github.com/GhMartingit/xk6-mongo/mongo.go:417.16,420.3 2 0
github.com/GhMartingit/xk6-mongo/mongo.go:422.2,427.16 4 0
github.com/GhMartingit/xk6-mongo/mongo.go:427.16,430.3 2 0
github.com/GhMartingit/xk6-mongo/mongo.go:431.2,434.46 3 0
github.com/GhMartingit/xk6-mongo/mongo.go:434.46,437.3 2 0
github.com/GhMartingit/xk6-mongo/mongo.go:439.2,439.21 1 0
github.com/GhMartingit/xk6-mongo/mongo.go:442.82,444.16 2 1
github.com/GhMartingit/xk6-mongo/mongo.go:444.16,447.3 2 0
github.com/GhMartingit/xk6-mongo/mongo.go:449.2,453.16 4 1
github.com/GhMartingit/xk6-mongo/mongo.go:453.16,456.3 2 0
github.com/GhMartingit/xk6-mongo/mongo.go:458.2,458.12 1 1
github.com/GhMartingit/xk6-mongo/mongo.go:461.83,463.16 2 0
github.com/GhMartingit/xk6-mongo/mongo.go:463.16,466.3 2 0
github.com/GhMartingit/xk6-mongo/mongo.go:468.2,472.16 4 0
github.com/GhMartingit/xk6-mongo/mongo.go:472.16,475.3 2 0
github.com/GhMartingit/xk6-mongo/mongo.go:477.2,477.12 1 0
github.com/GhMartingit/xk6-mongo/mongo.go:480.104,481.17 1 1
github.com/GhMartingit/xk6-mongo/mongo.go:481.17,483.3 1 1
github.com/GhMartingit/xk6-mongo/mongo.go:485.2,486.16 2 0
github.com/GhMartingit/xk6-mongo/mongo.go:486.16,489.3 2 0
github.com/GhMartingit/xk6-mongo/mongo.go:491.2,495.16 4 0
github.com/GhMartingit/xk6-mongo/mongo.go:495.16,498.3 2 0
github.com/GhMartingit/xk6-mongo/mongo.go:500.2,500.20 1 0
github.com/GhMartingit/xk6-mongo/mongo.go:503.75,505.16 2 0
github.com/GhMartingit/xk6-mongo/mongo.go:505.16,508.3 2 0
github.com/GhMartingit/xk6-mongo/mongo.go:510.2,514.16 4 0
github.com/GhMartingit/xk6-mongo/mongo.go:514.16,517.3 2 0
github.com/GhMartingit/xk6-mongo/mongo.go:519.2,519.12 1 0
github.com/GhMartingit/xk6-mongo/mongo.go:522.96,524.16 2 1
github.com/GhMartingit/xk6-mongo/mongo.go:524.16,527.3 2 0
github.com/GhMartingit/xk6-mongo/mongo.go:529.2,533.16 4 1
github.com/GhMartingit/xk6-mongo/mongo.go:533.16,536.3 2 0
github.com/GhMartingit/xk6-mongo/mongo.go:537.2,537.19 1 1
github.com/GhMartingit/xk6-mongo/mongo.go:540.111,541.19 1 1
github.com/GhMartingit/xk6-mongo/mongo.go:541.19,543.3 1 1
github.com/GhMartingit/xk6-mongo/mongo.go:545.2,546.16 2 0
github.com/GhMartingit/xk6-mongo/mongo.go:546.16,549.3 2 0
github.com/GhMartingit/xk6-mongo/mongo.go:551.2,557.16 6 0
github.com/GhMartingit/xk6-mongo/mongo.go:557.16,560.3 2 0
github.com/GhMartingit/xk6-mongo/mongo.go:561.2,561.17 1 0
github.com/GhMartingit/xk6-mongo/mongo.go:564.37,569.16 4 1
github.com/GhMartingit/xk6-mongo/mongo.go:569.16,572.3 2 0
github.com/GhMartingit/xk6-mongo/mongo.go:574.2,574.12 1 1
github.com/GhMartingit/xk6-mongo/mongo.go:578.117,579.26 1 1
github.com/GhMartingit/xk6-mongo/mongo.go:579.26,581.3 1 1
github.com/GhMartingit/xk6-mongo/mongo.go:583.2,584.16 2 0
github.com/GhMartingit/xk6-mongo/mongo.go:584.16,587.3 2 0
github.com/GhMartingit/xk6-mongo/mongo.go:589.2,593.16 4 0
github.com/GhMartingit/xk6-mongo/mongo.go:593.16,596.3 2 0
github.com/GhMartingit/xk6-mongo/mongo.go:598.2,598.56 1 0
github.com/GhMartingit/xk6-mongo/mongo.go:601.85,602.26 1 2
github.com/GhMartingit/xk6-mongo/mongo.go:603.11,604.49 1 2
github.com/GhMartingit/xk6-mongo/mongo.go:605.30,606.15 1 0
github.com/GhMartingit/xk6-mongo/mongo.go:606.15,608.4 1 0
github.com/GhMartingit/xk6-mongo/mongo.go:609.3,610.16 2 0
github.com/GhMartingit/xk6-mongo/mongo.go:611.22,612.42 1 0
github.com/GhMartingit/xk6-mongo/mongo.go:613.14,614.58 1 0
github.com/GhMartingit/xk6-mongo/mongo.go:615.10,616.69 1 0
github.com/GhMartingit/xk6-mongo/mongo.go:620.95,625.16 4 0
github.com/GhMartingit/xk6-mongo/mongo.go:625.16,627.3 1 0
github.com/GhMartingit/xk6-mongo/mongo.go:629.2,629.65 1 0
github.com/GhMartingit/xk6-mongo/mongo.go:629.65,631.3 1 0
github.com/GhMartingit/xk6-mongo/mongo.go:633.2,633.27 1 0
github.com/GhMartingit/xk6-mongo/mongo.go:636.35,637.27 1 0
github.com/GhMartingit/xk6-mongo/mongo.go:638.22,640.27 2 0
github.com/GhMartingit/xk6-mongo/mongo.go:640.27,642.4 1 0
github.com/GhMartingit/xk6-mongo/mongo.go:643.3,643.13 1 0
github.com/GhMartingit/xk6-mongo/mongo.go:644.14,646.27 2 0
github.com/GhMartingit/xk6-mongo/mongo.go:646.27,648.4 1 0
github.com/GhMartingit/xk6-mongo/mongo.go:649.3,649.13 1 0
github.com/GhMartingit/xk6-mongo/mongo.go:650.13,651.25 1 0
github.com/GhMartingit/xk6-mongo/mongo.go:651.25,653.4 1 0
github.com/GhMartingit/xk6-mongo/mongo.go:654.3,654.11 1 0
github.com/GhMartingit/xk6-mongo/mongo.go:655.10,656.15 1 0
github.com/GhMartingit/xk6-mongo/mongo.go:668.40,669.17 1 13
github.com/GhMartingit/xk6-mongo/mongo.go:669.17,671.3 1 1
github.com/GhMartingit/xk6-mongo/mongo.go:672.2,672.58 1 12
github.com/GhMartingit/xk6-mongo/mongo.go:672.58,673.12 1 118
github.com/GhMartingit/xk6-mongo/mongo.go:674.22,675.15 1 10
github.com/GhMartingit/xk6-mongo/mongo.go:676.11,677.16 1 108
github.com/GhMartingit/xk6-mongo/mongo.go:680.2,680.35 1 12
github.com/GhMartingit/xk6-mongo/mongo.go:680.35,682.57 2 22
github.com/GhMartingit/xk6-mongo/mongo.go:682.57,684.12 2 5
github.com/GhMartingit/xk6-mongo/mongo.go:686.3,686.24 1 17
github.com/GhMartingit/xk6-mongo/mongo.go:686.24,687.12 1 0
github.com/GhMartingit/xk6-mongo/mongo.go:689.3,691.30 3 17
github.com/GhMartingit/xk6-mongo/mongo.go:693.2,693.35 1 12
github.com/GhMartingit/xk6-mongo/mongo.go:696.51,697.17 1 1
github.com/GhMartingit/xk6-mongo/mongo.go:697.17,699.3 1 0
github.com/GhMartingit/xk6-mongo/mongo.go:701.2,701.63 1 1
github.com/GhMartingit/xk6-mongo/mongo.go:701.63,703.3 1 0
github.com/GhMartingit/xk6-mongo/mongo.go:705.2,705.28 1 1
github.com/GhMartingit/xk6-mongo/mongo.go:706.14,707.48 1 0
github.com/GhMartingit/xk6-mongo/mongo.go:708.14,709.34 1 1
github.com/GhMartingit/xk6-mongo/mongo.go:710.22,711.34 1 0
github.com/GhMartingit/xk6-mongo/mongo.go:712.14,713.34 1 0
github.com/GhMartingit/xk6-mongo/mongo.go:714.10,716.17 2 0
github.com/GhMartingit/xk6-mongo/mongo.go:716.17,718.4 1 0
github.com/GhMartingit/xk6-mongo/mongo.go:719.3,720.57 2 0
github.com/GhMartingit/xk6-mongo/mongo.go:720.57,722.4 1 0
github.com/GhMartingit/xk6-mongo/mongo.go:723.3,723.38 1 0
github.com/GhMartingit/xk6-mongo/mongo.go:727.46,728.29 1 1
github.com/GhMartingit/xk6-mongo/mongo.go:729.14,730.35 1 0
github.com/GhMartingit/xk6-mongo/mongo.go:731.14,732.35 1 1
github.com/GhMartingit/xk6-mongo/mongo.go:733.22,734.37 1 0
github.com/GhMartingit/xk6-mongo/mongo.go:736.2,736.14 1 0
github.com/GhMartingit/xk6-mongo/mongo.go:739.40,740.25 1 0
github.com/GhMartingit/xk6-mongo/mongo.go:740.25,741.39 1 0
github.com/GhMartingit/xk6-mongo/mongo.go:741.39,743.4 1 0
github.com/GhMartingit/xk6-mongo/mongo.go:745.2,745.14 1 0
github.com/GhMartingit/xk6-mongo/mongo.go:748.40,749.21 1 1
github.com/GhMartingit/xk6-mongo/mongo.go:749.21,750.34 1 1
github.com/GhMartingit/xk6-mongo/mongo.go:750.34,752.4 1 0
github.com/GhMartingit/xk6-mongo/mongo.go:754.2,754.14 1 1
github.com/GhMartingit/xk6-mongo/mongo.go:757.50,758.21 1 0
github.com/GhMartingit/xk6-mongo/mongo.go:758.21,759.34 1 0
github.com/GhMartingit/xk6-mongo/mongo.go:759.34,761.4 1 0
github.com/GhMartingit/xk6-mongo/mongo.go:763.2,763.14 1 0
github.com/GhMartingit/xk6-mongo/mongo.go:766.37,767.20 1 1
github.com/GhMartingit/xk6-mongo/mongo.go:768.41,769.14 1 0
github.com/GhMartingit/xk6-mongo/mongo.go:771.2,771.14 1 1
